[2020-01-21 04:19:01] [CarinaListener.java] [1] [INFO] 
============= Test configuration =============
url=http://10.0.7.37:8079/
env=DEMO
env_arg_resolver=com.qaprosoft.carina.core.foundation.utils.DefaultEnvArgResolver
platform=*
browser=chrome
browser_version=*
browser_language=
selenium_host=https://qkm1.qualitykiosk.com/appiumcloud/wd/hub
driver_event_listeners=com.qaprosoft.carina.demo.utils.PerfEventHandler
max_driver_count=3
custom_capabilities=
chrome_args=
chrome_experimental_opts=
chrome_mobile_emulation_opts=
firefox_args=
firefox_preferences=
app_version=
proxy_host=
proxy_port=
proxy_protocols=http,https,ftp
browsermob_proxy=false
browsermob_host=
browsermob_port=0
browsermob_ports_range=
browsermob_disabled_mitm=false
proxy_set_to_system=false
report_url=
email_list=
failure_email_list=
track_known_issues=false
auto_screenshot=true
implicit_timeout=10
explicit_timeout=20
auto_download=false
auto_download_apps=
custom_artifacts_folder=
retry_interval=5
project_report_directory=./reports/qa
max_screen_history=10
max_log_file_size=150
result_sorting=true
big_screen_width=-1
big_screen_height=-1
small_screen_width=90
small_screen_height=60
init_retry_count=0
init_retry_interval=1
retry_count=0
enable_l10n=true
l10n_encoding=ISO-8859-1
locale=en_US
enable_i18n=true
language=en_US
thread_count=1
data_provider_thread_count=-1
core_log_level=INFO
core_log_packages=com.qaprosoft.carina.core
artifacts_expiration_seconds=2592000
log_all_json=true
date_format=HH:mm:ss yyyy-MM-dd
time_format=HH:mm:ss
suite_name=
jira_updater=com.qaprosoft.carina.core.foundation.jira.DefaultJiraUpdater
jira_url=
jira_user=
jira_password=
jira_suite_id=
jira_project=
jira_project_short=
jira_create_new_ticket=false
test_naming_pattern={method_name}
optimize_video_recording=false
testrail_run_name=
testrail_milestone=
testrail_assignee=
qtest_cycle_name=DailyAutomation
qtest_suite_name=
s3_bucket_name=
access_key_id=
secret_key=
s3_use_presign_url=false
s3_local_storage=.
appcenter_token=
appcenter_local_storage=.
add_new_localization=false
add_new_localization_encoding=utf-8
add_new_localization_path=
add_new_localization_property_name=new_custom_messages_
tls_keysecure_location=
health_check_class=
health_check_methods=
uninstall_related_apps=false
default_device_timezone=GMT
default_device_time_format=24
default_device_language=en_US
android_screen_record_size=
android_screen_record_bitrate=
android_enable_bug_report=true
ios_screen_record_quality=MEDIUM
ios_screen_record_codec=libx264
ios_screen_record_fps=10
screen_record_duration=180
video_scale=-2:720
ignore_ssl=false
test_run_rules=
hub_mode=selenium
extract_sys_log=false
selenium_host=https://qkm1.qualitykiosk.com/appiumcloud/wd/hub

------------- Driver capabilities -----------
capabilities.appPackage=com.solvd.carinademoapplication
capabilities.appActivity=com.solvd.carinademoapplication.ActivitySplash
capabilities.automationName=uiautomator2
capabilities.app=src/main/resources/carinademoexample.apk
capabilities.platformName=ANDROID
capabilities.deviceType=phone
================================================

[2020-01-21 04:19:01] [CarinaListener.java] [1] [INFO] Set data_provider_thread_count=1
[2020-01-21 04:19:01] [CarinaListener.java] [1] [INFO] CARINA_CORE_VERSION: 6.3.30
[2020-01-21 04:19:01] [IMessager.java] [1] [INFO]  TEST [Default test - feature] STARTED at [16:19:01 2020-01-21]
[2020-01-21 04:19:02] [M1CloudActivities.java] [1] [INFO] DeviceName: Samsung_Galaxy_J4_Plus.properties
[2020-01-21 04:20:00] [DriverListener.java] [1] [INFO] PASS: element 'signinbtn' is clicked.
[2020-01-21 04:20:02] [ExtendedWebElement.java] [1] [ERROR] catched WebDriverException: 
[2020-01-21 04:20:05] [DriverListener.java] [1] [INFO] PASS: element 'signinbtn' is clicked.
[2020-01-21 04:20:07] [IMessager.java] [1] [ERROR] SM-J415F - 879ee013 TEST [Default test - feature] FAILED at [16:20:07 2020-01-21] - org.openqa.selenium.WebDriverException: An unknown server-side error occurred while processing the command. Original error: Could not proxy. Proxy error: Could not proxy command to remote server. Original error: 404 - "" (WARNING: The server did not provide any stacktrace information)
Command duration or timeout: 0 milliseconds
Build info: version: '3.141.59', revision: 'e82be7d358', time: '2018-11-14T08:17:03'
System info: host: 'QKNBK474', ip: '172.20.191.241', os.name: 'Windows 10', os.arch: 'amd64', os.version: '10.0', java.version: '1.8.0_131'
Driver info: io.appium.java_client.android.AndroidDriver
Capabilities {app: /home/radmin/build/raid-dat..., appActivity: com.qk.q_trac.MainActivity, appPackage: com.qk.q_trac, autoGrantPermissions: true, automationName: uiautomator2, databaseEnabled: false, desired: {app: /home/radmin/build/raid-dat..., appActivity: com.qk.q_trac.MainActivity, appPackage: com.qk.q_trac, autoGrantPermissions: true, automationName: uiautomator2, deviceName: 48, deviceType: phone, noSign: true, pCloudy_ApiKey: jfx5ppmbyng7x8mv2z9hvzqz, pCloudy_ApplicationName: Qtrac.apk, pCloudy_DeviceFullName: Samsung_GalaxyJ4Plus_Androi..., pCloudy_DurationInMinutes: 60, pCloudy_Username: nikita.shinde@qualitykiosk.com, platformName: ANDROID, udid: 879ee013}, deviceApiLevel: 27, deviceManufacturer: samsung, deviceModel: SM-J415F, deviceName: 879ee013, deviceScreenDensity: 280, deviceScreenSize: 720x1480, deviceType: phone, deviceUDID: 879ee013, javascriptEnabled: true, locationContextEnabled: false, networkConnectionEnabled: true, noSign: true, pCloudy_ApiKey: jfx5ppmbyng7x8mv2z9hvzqz, pCloudy_ApplicationName: Qtrac.apk, pCloudy_DeviceFullName: Samsung_GalaxyJ4Plus_Androi..., pCloudy_DurationInMinutes: 60, pCloudy_Username: nikita.shinde@qualitykiosk.com, pixelRatio: 1.75, platform: LINUX, platformName: ANDROID, platformVersion: 8.1.0, statBarHeight: 42, takesScreenshot: true, udid: 879ee013, viewportRect: {height: 1354, left: 0, top: 42, width: 720}, warnings: {}, webStorageEnabled: false}
Session ID: 91e16b39-9c84-4ad3-8b2a-e8294df71f61

cucumber.api.testng.TestNGCucumberRunner.runCucumber(TestNGCucumberRunner.java:69)
com.qaprosoft.carina.core.foundation.cucumber.CucumberRunner.feature(CucumberRunner.java:56)
sun.reflect.NativeMethodAccessorImpl.invoke0(Native Method)
sun.reflect.NativeMethodAccessorImpl.invoke(Unknown Source)
sun.reflect.DelegatingMethodAccessorImpl.invoke(Unknown Source)
java.lang.reflect.Method.invoke(Unknown Source)
org.testng.internal.MethodInvocationHelper.invokeMethod(MethodInvocationHelper.java:124)
org.testng.internal.Invoker.invokeMethod(Invoker.java:583)
org.testng.internal.Invoker.invokeTestMethod(Invoker.java:719)
org.testng.internal.Invoker.invokeTestMethods(Invoker.java:989)
org.testng.internal.TestMethodWorker.invokeTestMethods(TestMethodWorker.java:125)
org.testng.internal.TestMethodWorker.run(TestMethodWorker.java:109)
org.testng.TestRunner.privateRun(TestRunner.java:648)
org.testng.TestRunner.run(TestRunner.java:505)
org.testng.SuiteRunner.runTest(SuiteRunner.java:455)
org.testng.SuiteRunner.runSequentially(SuiteRunner.java:450)
org.testng.SuiteRunner.privateRun(SuiteRunner.java:415)
org.testng.SuiteRunner.run(SuiteRunner.java:364)
org.testng.SuiteRunnerWorker.runSuite(SuiteRunnerWorker.java:52)
org.testng.SuiteRunnerWorker.run(SuiteRunnerWorker.java:84)
org.testng.TestNG.runSuitesSequentially(TestNG.java:1208)
org.testng.TestNG.runSuitesLocally(TestNG.java:1137)
org.testng.TestNG.runSuites(TestNG.java:1049)
org.testng.TestNG.run(TestNG.java:1017)
org.testng.remote.AbstractRemoteTestNG.run(AbstractRemoteTestNG.java:114)
org.testng.remote.RemoteTestNG.initAndRun(RemoteTestNG.java:251)
org.testng.remote.RemoteTestNG.main(RemoteTestNG.java:77)
